   0.00000000       0.00000000    
   20.0304852       8.92339870E-02
   40.0031433       9.26443115E-02
   60.0124817       9.44032520E-02
   80.0464401       9.47389528E-02
   100.089035       9.53232646E-02
   120.083900       9.53800306E-02
   140.028778       9.64483246E-02
   160.017990       9.73320082E-02
   180.050522       9.66333896E-02
   200.044647       9.64195952E-02
   220.055862       9.73556712E-02
   240.070374       9.76432040E-02
   260.028320       9.74197909E-02
   280.063843       9.69302356E-02
   300.076111       9.78519395E-02
   320.003174       9.83293131E-02
   340.049347       9.76382494E-02
   360.048584       9.77766290E-02
   380.046417       9.81703922E-02
   400.045410       9.84666422E-02
   420.054962       9.80679616E-02
   440.002197       9.80551913E-02
   460.035583       9.82765630E-02
   480.081390       9.81035978E-02
