Core#  istart#  iend#  jstart#  jend#
     0      1     94      1     94
     1      1     94     95    188
     2      1     94    189    282
     3      1     94    283    376
     4      1     94    377    470
     5      1     94    471    564
     6      1     94    565    658
     7      1     94    659    752
     8      1     94    753    846
     9      1     94    847    940
    10      1     94    941   1034
    11      1     94   1035   1128
    12      1     94   1129   1222
    13      1     94   1223   1316
    14      1     94   1317   1410
    15      1     94   1411   1504
    16      1     94   1505   1597
    17      1     94   1598   1690
    18      1     94   1691   1783
    19      1     94   1784   1876
    20     95    188      1     94
    21     95    188     95    188
    22     95    188    189    282
    23     95    188    283    376
    24     95    188    377    470
    25     95    188    471    564
    26     95    188    565    658
    27     95    188    659    752
    28     95    188    753    846
    29     95    188    847    940
    30     95    188    941   1034
    31     95    188   1035   1128
    32     95    188   1129   1222
    33     95    188   1223   1316
    34     95    188   1317   1410
    35     95    188   1411   1504
    36     95    188   1505   1597
    37     95    188   1598   1690
    38     95    188   1691   1783
    39     95    188   1784   1876
    40    189    282      1     94
    41    189    282     95    188
    42    189    282    189    282
    43    189    282    283    376
    44    189    282    377    470
    45    189    282    471    564
    46    189    282    565    658
    47    189    282    659    752
    48    189    282    753    846
    49    189    282    847    940
    50    189    282    941   1034
    51    189    282   1035   1128
    52    189    282   1129   1222
    53    189    282   1223   1316
    54    189    282   1317   1410
    55    189    282   1411   1504
    56    189    282   1505   1597
    57    189    282   1598   1690
    58    189    282   1691   1783
    59    189    282   1784   1876
    60    283    375      1     94
    61    283    375     95    188
    62    283    375    189    282
    63    283    375    283    376
    64    283    375    377    470
    65    283    375    471    564
    66    283    375    565    658
    67    283    375    659    752
    68    283    375    753    846
    69    283    375    847    940
    70    283    375    941   1034
    71    283    375   1035   1128
    72    283    375   1129   1222
    73    283    375   1223   1316
    74    283    375   1317   1410
    75    283    375   1411   1504
    76    283    375   1505   1597
    77    283    375   1598   1690
    78    283    375   1691   1783
    79    283    375   1784   1876
    80    376    468      1     94
    81    376    468     95    188
    82    376    468    189    282
    83    376    468    283    376
    84    376    468    377    470
    85    376    468    471    564
    86    376    468    565    658
    87    376    468    659    752
    88    376    468    753    846
    89    376    468    847    940
    90    376    468    941   1034
    91    376    468   1035   1128
    92    376    468   1129   1222
    93    376    468   1223   1316
    94    376    468   1317   1410
    95    376    468   1411   1504
    96    376    468   1505   1597
    97    376    468   1598   1690
    98    376    468   1691   1783
    99    376    468   1784   1876
   100    469    561      1     94
   101    469    561     95    188
   102    469    561    189    282
   103    469    561    283    376
   104    469    561    377    470
   105    469    561    471    564
   106    469    561    565    658
   107    469    561    659    752
   108    469    561    753    846
   109    469    561    847    940
   110    469    561    941   1034
   111    469    561   1035   1128
   112    469    561   1129   1222
   113    469    561   1223   1316
   114    469    561   1317   1410
   115    469    561   1411   1504
   116    469    561   1505   1597
   117    469    561   1598   1690
   118    469    561   1691   1783
   119    469    561   1784   1876
   120    562    654      1     94
   121    562    654     95    188
   122    562    654    189    282
   123    562    654    283    376
   124    562    654    377    470
   125    562    654    471    564
   126    562    654    565    658
   127    562    654    659    752
   128    562    654    753    846
   129    562    654    847    940
   130    562    654    941   1034
   131    562    654   1035   1128
   132    562    654   1129   1222
   133    562    654   1223   1316
   134    562    654   1317   1410
   135    562    654   1411   1504
   136    562    654   1505   1597
   137    562    654   1598   1690
   138    562    654   1691   1783
   139    562    654   1784   1876
   140    655    747      1     94
   141    655    747     95    188
   142    655    747    189    282
   143    655    747    283    376
   144    655    747    377    470
   145    655    747    471    564
   146    655    747    565    658
   147    655    747    659    752
   148    655    747    753    846
   149    655    747    847    940
   150    655    747    941   1034
   151    655    747   1035   1128
   152    655    747   1129   1222
   153    655    747   1223   1316
   154    655    747   1317   1410
   155    655    747   1411   1504
   156    655    747   1505   1597
   157    655    747   1598   1690
   158    655    747   1691   1783
   159    655    747   1784   1876
   160    748    840      1     94
   161    748    840     95    188
   162    748    840    189    282
   163    748    840    283    376
   164    748    840    377    470
   165    748    840    471    564
   166    748    840    565    658
   167    748    840    659    752
   168    748    840    753    846
   169    748    840    847    940
   170    748    840    941   1034
   171    748    840   1035   1128
   172    748    840   1129   1222
   173    748    840   1223   1316
   174    748    840   1317   1410
   175    748    840   1411   1504
   176    748    840   1505   1597
   177    748    840   1598   1690
   178    748    840   1691   1783
   179    748    840   1784   1876
   180    841    933      1     94
   181    841    933     95    188
   182    841    933    189    282
   183    841    933    283    376
   184    841    933    377    470
   185    841    933    471    564
   186    841    933    565    658
   187    841    933    659    752
   188    841    933    753    846
   189    841    933    847    940
   190    841    933    941   1034
   191    841    933   1035   1128
   192    841    933   1129   1222
   193    841    933   1223   1316
   194    841    933   1317   1410
   195    841    933   1411   1504
   196    841    933   1505   1597
   197    841    933   1598   1690
   198    841    933   1691   1783
   199    841    933   1784   1876
   200    934   1026      1     94
   201    934   1026     95    188
   202    934   1026    189    282
   203    934   1026    283    376
   204    934   1026    377    470
   205    934   1026    471    564
   206    934   1026    565    658
   207    934   1026    659    752
   208    934   1026    753    846
   209    934   1026    847    940
   210    934   1026    941   1034
   211    934   1026   1035   1128
   212    934   1026   1129   1222
   213    934   1026   1223   1316
   214    934   1026   1317   1410
   215    934   1026   1411   1504
   216    934   1026   1505   1597
   217    934   1026   1598   1690
   218    934   1026   1691   1783
   219    934   1026   1784   1876
   220   1027   1119      1     94
   221   1027   1119     95    188
   222   1027   1119    189    282
   223   1027   1119    283    376
   224   1027   1119    377    470
   225   1027   1119    471    564
   226   1027   1119    565    658
   227   1027   1119    659    752
   228   1027   1119    753    846
   229   1027   1119    847    940
   230   1027   1119    941   1034
   231   1027   1119   1035   1128
   232   1027   1119   1129   1222
   233   1027   1119   1223   1316
   234   1027   1119   1317   1410
   235   1027   1119   1411   1504
   236   1027   1119   1505   1597
   237   1027   1119   1598   1690
   238   1027   1119   1691   1783
   239   1027   1119   1784   1876
   240   1120   1212      1     94
   241   1120   1212     95    188
   242   1120   1212    189    282
   243   1120   1212    283    376
   244   1120   1212    377    470
   245   1120   1212    471    564
   246   1120   1212    565    658
   247   1120   1212    659    752
   248   1120   1212    753    846
   249   1120   1212    847    940
   250   1120   1212    941   1034
   251   1120   1212   1035   1128
   252   1120   1212   1129   1222
   253   1120   1212   1223   1316
   254   1120   1212   1317   1410
   255   1120   1212   1411   1504
   256   1120   1212   1505   1597
   257   1120   1212   1598   1690
   258   1120   1212   1691   1783
   259   1120   1212   1784   1876
   260   1213   1305      1     94
   261   1213   1305     95    188
   262   1213   1305    189    282
   263   1213   1305    283    376
   264   1213   1305    377    470
   265   1213   1305    471    564
   266   1213   1305    565    658
   267   1213   1305    659    752
   268   1213   1305    753    846
   269   1213   1305    847    940
   270   1213   1305    941   1034
   271   1213   1305   1035   1128
   272   1213   1305   1129   1222
   273   1213   1305   1223   1316
   274   1213   1305   1317   1410
   275   1213   1305   1411   1504
   276   1213   1305   1505   1597
   277   1213   1305   1598   1690
   278   1213   1305   1691   1783
   279   1213   1305   1784   1876
   280   1306   1398      1     94
   281   1306   1398     95    188
   282   1306   1398    189    282
   283   1306   1398    283    376
   284   1306   1398    377    470
   285   1306   1398    471    564
   286   1306   1398    565    658
   287   1306   1398    659    752
   288   1306   1398    753    846
   289   1306   1398    847    940
   290   1306   1398    941   1034
   291   1306   1398   1035   1128
   292   1306   1398   1129   1222
   293   1306   1398   1223   1316
   294   1306   1398   1317   1410
   295   1306   1398   1411   1504
   296   1306   1398   1505   1597
   297   1306   1398   1598   1690
   298   1306   1398   1691   1783
   299   1306   1398   1784   1876
   300   1399   1491      1     94
   301   1399   1491     95    188
   302   1399   1491    189    282
   303   1399   1491    283    376
   304   1399   1491    377    470
   305   1399   1491    471    564
   306   1399   1491    565    658
   307   1399   1491    659    752
   308   1399   1491    753    846
   309   1399   1491    847    940
   310   1399   1491    941   1034
   311   1399   1491   1035   1128
   312   1399   1491   1129   1222
   313   1399   1491   1223   1316
   314   1399   1491   1317   1410
   315   1399   1491   1411   1504
   316   1399   1491   1505   1597
   317   1399   1491   1598   1690
   318   1399   1491   1691   1783
   319   1399   1491   1784   1876
