  0.0000000E+00  0.0000000E+00
   30.04778      7.0744112E-02
   60.05713      7.3137268E-02
   90.02946      7.3027052E-02
   120.0628      7.3100820E-02
   150.0256      7.4017555E-02
   180.0092      7.4806377E-02
   210.0406      7.4850962E-02
   240.0470      7.4807577E-02
   270.0280      7.3743902E-02
   300.0412      7.5165339E-02
   330.0193      7.5633936E-02
   360.0640      7.5537100E-02
   390.0574      7.2695874E-02
   420.0080      6.9335259E-02
   450.0285      7.0666194E-02
   480.0178      7.4273467E-02
   510.0241      7.2697662E-02
   540.0134      7.3324397E-02
   570.0599      7.4025348E-02
   600.0654      7.2783634E-02
   630.0419      7.4680619E-02
   660.0630      7.6642245E-02
   690.0670      7.5922899E-02
   720.0606      7.5930327E-02
   750.0648      7.5246945E-02
   780.0293      7.3301330E-02
   810.0493      7.2887592E-02
   840.0163      7.4451059E-02
   870.0306      7.4912518E-02
   900.0443      7.5506128E-02
   930.0228      7.5733565E-02
   960.0720      7.5189993E-02
   990.0185      7.6688737E-02
   1020.052      7.7291869E-02
   1050.031      7.6499425E-02
   1080.019      7.2532065E-02
   1110.006      7.2554104E-02
   1140.037      7.0270695E-02
   1170.037      7.3270686E-02
   1200.030      7.3855318E-02
   1230.014      7.4866273E-02
   1260.056      7.4613988E-02
   1290.052      7.6069653E-02
   1320.021      7.5357154E-02
   1350.070      7.6885864E-02
   1380.051      7.6734573E-02
   1410.021      5.3122986E-02
   1440.030      7.5128391E-02
   1470.042      7.6150797E-02
   1500.020      7.5047284E-02
   1530.006      7.5126931E-02
   1560.024      7.5306177E-02
   1590.076      7.5188346E-02
   1620.073      7.5787030E-02
   1650.028      7.6447584E-02
   1680.067      7.6298617E-02
   1710.068      7.5816318E-02
   1740.005      7.4049816E-02
   1770.052      7.3240511E-02
   1800.036      7.3235191E-02
   1830.027      7.2403453E-02
   1860.016      7.5047724E-02
   1890.028      7.5821124E-02
   1920.004      7.5033739E-02
   1950.022      7.4962139E-02
   1980.064      6.7091316E-02
   2010.052      7.6192878E-02
   2040.049      7.6375850E-02
   2070.037      7.7051096E-02
   2100.005      7.5224578E-02
   2130.032      7.4359372E-02
   2159.998      7.5360283E-02
   2190.073      7.4453421E-02
   2220.071      7.5313248E-02
   2250.056      7.7872917E-02
   2280.050      7.6489583E-02
   2310.035      7.6417908E-02
   2340.043      7.5150132E-02
   2370.024      7.3961020E-02
   2400.015      7.4240416E-02
   2430.076      7.5874060E-02
   2460.026      7.4131541E-02
   2490.082      7.4380621E-02
   2520.050      7.4728079E-02
   2550.069      7.3887654E-02
   2580.083      7.5533703E-02
   2610.044      7.7742398E-02
   2640.087      7.7418081E-02
   2670.052      7.6796658E-02
   2700.017      7.7594444E-02
   2730.059      7.5491391E-02
   2760.072      7.5363882E-02
   2790.051      7.6369904E-02
   2820.093      7.7392176E-02
   2850.086      7.6875858E-02
   2880.034      7.6592274E-02
   2910.090      7.6024763E-02
   2940.074      7.6169863E-02
   2970.025      7.5536795E-02
